Using pre-set license
Built from '2020.2/staging' branch; Version is '2020.2.6f1 (8a2143876886) revision 9052483'; Using compiler version '192528614'; Build Type 'Release'
OS: 'Windows 10 Home; OS build 19042.867; Version 2009; 64bit' Language: 'pt' Physical Memory: 8155 MB
BatchMode: 1, IsHumanControllingUs: 0, StartBugReporterOnCrash: 0, Is64bit: 1, IsPro: 0

 COMMAND LINE ARGUMENTS:
C:\Program Files\Unity\Hub\Editor\2020.2.6f1\Editor\Unity.exe
-adb2
-batchMode
-noUpm
-name
AssetImportWorker0
-projectPath
E:/Desenvolvimento/Projetos/Unity/Pirate Game
-logFile
Logs/AssetImportWorker0.log
-srvPort
51321
Successfully changed project path to: E:/Desenvolvimento/Projetos/Unity/Pirate Game
E:/Desenvolvimento/Projetos/Unity/Pirate Game
Using Asset Import Pipeline V2.
Refreshing native plugins compatible for Editor in 82.66 ms, found 1 plugins.
Preloading 0 native plugins for Editor in 0.00 ms.
Initialize engine version: 2020.2.6f1 (8a2143876886)
[Subsystems] Discovering subsystems at path C:/Program Files/Unity/Hub/Editor/2020.2.6f1/Editor/Data/Resources/UnitySubsystems
[Subsystems] Discovering subsystems at path E:/Desenvolvimento/Projetos/Unity/Pirate Game/Assets
GfxDevice: creating device client; threaded=0
Direct3D:
    Version:  Direct3D 11.0 [level 11.1]
    Renderer: NVIDIA GeForce GTX 1050 Ti (ID=0x1c82)
    Vendor:   
    VRAM:     4018 MB
    Driver:   27.21.14.5751
Initialize mono
Mono path[0] = 'C:/Program Files/Unity/Hub/Editor/2020.2.6f1/Editor/Data/Managed'
Mono path[1] = 'C:/Program Files/Unity/Hub/Editor/2020.2.6f1/Editor/Data/MonoBleedingEdge/lib/mono/unityjit'
Mono config path = 'C:/Program Files/Unity/Hub/Editor/2020.2.6f1/Editor/Data/MonoBleedingEdge/etc'
Using monoOptions --debugger-agent=transport=dt_socket,embedding=1,server=y,suspend=n,address=127.0.0.1:56280
Begin MonoManager ReloadAssembly
Registering precompiled unity dll's ...
Register platform support module: C:/Program Files/Unity/Hub/Editor/2020.2.6f1/Editor/Data/PlaybackEngines/WindowsStandaloneSupport/UnityEditor.WindowsStandalone.Extensions.dll
Registered in 0.004642 seconds.
Native extension for WindowsStandalone target not found
Refreshing native plugins compatible for Editor in 70.03 ms, found 1 plugins.
Preloading 0 native plugins for Editor in 0.00 ms.
Invoked RoslynAnalysisRunner static constructor.
RoslynAnalysisRunner will not be running.
RoslynAnalysisRunner has terminated.
Mono: successfully reloaded assembly
- Completed reload, in  2.191 seconds
Platform modules already initialized, skipping
Registering precompiled user dll's ...
Registered in 0.001182 seconds.
Begin MonoManager ReloadAssembly
Native extension for WindowsStandalone target not found
Refreshing native plugins compatible for Editor in 113.82 ms, found 1 plugins.
Preloading 0 native plugins for Editor in 0.00 ms.
Invoked RoslynAnalysisRunner static constructor.
RoslynAnalysisRunner will not be running.
RoslynAnalysisRunner has terminated.
Mono: successfully reloaded assembly
- Completed reload, in  1.969 seconds
Platform modules already initialized, skipping
========================================================================
Worker process is ready to serve import requests
Launched and connected shader compiler UnityShaderCompiler.exe after 0.09 seconds
Refreshing native plugins compatible for Editor in 0.60 ms, found 1 plugins.
Preloading 0 native plugins for Editor in 0.00 ms.
Unloading 1970 Unused Serialized files (Serialized files now loaded: 0)
System memory in use before: 91.7 MB.
System memory in use after: 91.8 MB.

Unloading 20 unused Assets to reduce memory usage. Loaded Objects now: 2417.
Total: 5.387800 ms (FindLiveObjects: 0.373300 ms CreateObjectMapping: 0.202900 ms MarkObjects: 4.665800 ms  DeleteObjects: 0.143300 ms)

========================================================================
Received Import Request.
  path: Assets/Scenes/MainMenuScene.unity
  artifactKey: Guid(9bca072c50dc8484b840f3c17cb60388) Importer(815301076,1909f56bfc062723c751e8b465ee728b)
Start importing Assets/Scenes/MainMenuScene.unity using Guid(9bca072c50dc8484b840f3c17cb60388) Importer(815301076,1909f56bfc062723c751e8b465ee728b)  -> (artifact id: '090cfe3733e55ab4c082d00596fa165b') in 0.058494 seconds
  Import took 0.065413 seconds .

========================================================================
Received Prepare
Registering precompiled user dll's ...
Registered in 0.001153 seconds.
Begin MonoManager ReloadAssembly
Native extension for WindowsStandalone target not found
Refreshing native plugins compatible for Editor in 0.57 ms, found 1 plugins.
Preloading 0 native plugins for Editor in 0.00 ms.
Invoked RoslynAnalysisRunner static constructor.
RoslynAnalysisRunner will not be running.
RoslynAnalysisRunner has terminated.
Mono: successfully reloaded assembly
- Completed reload, in  1.791 seconds
Platform modules already initialized, skipping
Refreshing native plugins compatible for Editor in 1.16 ms, found 1 plugins.
Preloading 0 native plugins for Editor in 0.00 ms.
Unloading 1945 Unused Serialized files (Serialized files now loaded: 0)
System memory in use before: 90.2 MB.
System memory in use after: 90.3 MB.

Unloading 8 unused Assets to reduce memory usage. Loaded Objects now: 2420.
Total: 3.452600 ms (FindLiveObjects: 0.348200 ms CreateObjectMapping: 0.114600 ms MarkObjects: 2.959700 ms  DeleteObjects: 0.028200 ms)

========================================================================
Received Prepare
Registering precompiled user dll's ...
Registered in 0.001150 seconds.
Begin MonoManager ReloadAssembly
Native extension for WindowsStandalone target not found
Refreshing native plugins compatible for Editor in 0.51 ms, found 1 plugins.
Preloading 0 native plugins for Editor in 0.00 ms.
Invoked RoslynAnalysisRunner static constructor.
RoslynAnalysisRunner will not be running.
RoslynAnalysisRunner has terminated.
Mono: successfully reloaded assembly
- Completed reload, in  1.716 seconds
Platform modules already initialized, skipping
Refreshing native plugins compatible for Editor in 0.68 ms, found 1 plugins.
Preloading 0 native plugins for Editor in 0.00 ms.
Unloading 1945 Unused Serialized files (Serialized files now loaded: 0)
System memory in use before: 90.2 MB.
System memory in use after: 90.3 MB.

Unloading 8 unused Assets to reduce memory usage. Loaded Objects now: 2423.
Total: 2.493000 ms (FindLiveObjects: 0.261500 ms CreateObjectMapping: 0.095600 ms MarkObjects: 2.110400 ms  DeleteObjects: 0.023800 ms)

========================================================================
Received Prepare
Registering precompiled user dll's ...
Registered in 0.001445 seconds.
Begin MonoManager ReloadAssembly
Native extension for WindowsStandalone target not found
Refreshing native plugins compatible for Editor in 0.54 ms, found 1 plugins.
Preloading 0 native plugins for Editor in 0.00 ms.
Invoked RoslynAnalysisRunner static constructor.
RoslynAnalysisRunner will not be running.
RoslynAnalysisRunner has terminated.
Mono: successfully reloaded assembly
- Completed reload, in  1.792 seconds
Platform modules already initialized, skipping
Refreshing native plugins compatible for Editor in 0.53 ms, found 1 plugins.
Preloading 0 native plugins for Editor in 0.00 ms.
Unloading 1945 Unused Serialized files (Serialized files now loaded: 0)
System memory in use before: 90.2 MB.
System memory in use after: 90.4 MB.

Unloading 8 unused Assets to reduce memory usage. Loaded Objects now: 2426.
Total: 3.269800 ms (FindLiveObjects: 0.255700 ms CreateObjectMapping: 0.091100 ms MarkObjects: 2.895000 ms  DeleteObjects: 0.025600 ms)

========================================================================
Received Import Request.
  Time since last request: 321.234898 seconds.
  path: Assets/Scenes/GameScene.unity
  artifactKey: Guid(2cda990e2423bbf4892e6590ba056729) Importer(815301076,1909f56bfc062723c751e8b465ee728b)
Start importing Assets/Scenes/GameScene.unity using Guid(2cda990e2423bbf4892e6590ba056729) Importer(815301076,1909f56bfc062723c751e8b465ee728b)  -> (artifact id: '6910952a2d77b7af7f4282a91826950a') in 0.029233 seconds
  Import took 0.033843 seconds .

========================================================================
Received Import Request.
  Time since last request: 304.127012 seconds.
  path: Assets/Scripts
  artifactKey: Guid(a69d9c1553b1b574b9b366bc262e70ee) Importer(815301076,1909f56bfc062723c751e8b465ee728b)
Start importing Assets/Scripts using Guid(a69d9c1553b1b574b9b366bc262e70ee) Importer(815301076,1909f56bfc062723c751e8b465ee728b)  -> (artifact id: 'ff0b809b2f7225b1259dc8ad3b57306b') in 0.012294 seconds
  Import took 0.017163 seconds .

========================================================================
Received Import Request.
  Time since last request: 4.677853 seconds.
  path: Assets/Scripts/ScriptableObjects/OptionsInformation.cs
  artifactKey: Guid(cf8542b92b3f90644a3830ea9a1b4a04) Importer(815301076,1909f56bfc062723c751e8b465ee728b)
Start importing Assets/Scripts/ScriptableObjects/OptionsInformation.cs using Guid(cf8542b92b3f90644a3830ea9a1b4a04) Importer(815301076,1909f56bfc062723c751e8b465ee728b)  -> (artifact id: '17d5be2ef2e20bec252e7c49f760bcb0') in 0.139760 seconds
  Import took 0.144107 seconds .

========================================================================
Received Import Request.
  Time since last request: 234.947406 seconds.
  path: Assets/Scripts/UI/HUD.cs
  artifactKey: Guid(6ce99838448dabb478355fba6bd548c7) Importer(815301076,1909f56bfc062723c751e8b465ee728b)
Start importing Assets/Scripts/UI/HUD.cs using Guid(6ce99838448dabb478355fba6bd548c7) Importer(815301076,1909f56bfc062723c751e8b465ee728b)  -> (artifact id: '46d994a6b17f554b1407c204be779454') in 0.014533 seconds
  Import took 0.019539 seconds .

========================================================================
Received Import Request.
  Time since last request: 0.105436 seconds.
  path: Assets/Scripts/UI/HUD.cs
  artifactKey: Guid(6ce99838448dabb478355fba6bd548c7) Importer(815301076,1909f56bfc062723c751e8b465ee728b)
Start importing Assets/Scripts/UI/HUD.cs using Guid(6ce99838448dabb478355fba6bd548c7) Importer(815301076,1909f56bfc062723c751e8b465ee728b)  -> (artifact id: '46d994a6b17f554b1407c204be779454') in 0.044125 seconds
  Import took 0.056854 seconds .

========================================================================
Received Import Request.
  Time since last request: 1.502064 seconds.
  path: Assets/Scripts/UI/GameManager.cs
  artifactKey: Guid(01bc02e4b64500f47a0f10c204f582f6) Importer(815301076,1909f56bfc062723c751e8b465ee728b)
Start importing Assets/Scripts/UI/GameManager.cs using Guid(01bc02e4b64500f47a0f10c204f582f6) Importer(815301076,1909f56bfc062723c751e8b465ee728b)  -> (artifact id: '693e54cb89e4515ab44249e58aca33ed') in 0.013052 seconds
  Import took 0.017288 seconds .

========================================================================
Received Import Request.
  Time since last request: 1.164313 seconds.
  path: Assets/Scripts/UI/SliderInfo.cs
  artifactKey: Guid(9774b05c88b6d9542b6d61eb60c9fcf9) Importer(815301076,1909f56bfc062723c751e8b465ee728b)
Start importing Assets/Scripts/UI/SliderInfo.cs using Guid(9774b05c88b6d9542b6d61eb60c9fcf9) Importer(815301076,1909f56bfc062723c751e8b465ee728b)  -> (artifact id: '4a5decb8de350fed65afba965dda1ac1') in 0.010820 seconds
  Import took 0.014819 seconds .

========================================================================
Received Import Request.
  Time since last request: 0.406413 seconds.
  path: Assets/Scripts/UI/SliderInfo.cs
  artifactKey: Guid(9774b05c88b6d9542b6d61eb60c9fcf9) Importer(815301076,1909f56bfc062723c751e8b465ee728b)
Start importing Assets/Scripts/UI/SliderInfo.cs using Guid(9774b05c88b6d9542b6d61eb60c9fcf9) Importer(815301076,1909f56bfc062723c751e8b465ee728b)  -> (artifact id: '4a5decb8de350fed65afba965dda1ac1') in 0.005154 seconds
  Import took 0.011849 seconds .

========================================================================
Received Import Request.
  Time since last request: 51.737602 seconds.
  path: Assets/Scripts/UI/Menu.cs
  artifactKey: Guid(bf1a809d9dd8e2e42b6693ed6b834c34) Importer(815301076,1909f56bfc062723c751e8b465ee728b)
Start importing Assets/Scripts/UI/Menu.cs using Guid(bf1a809d9dd8e2e42b6693ed6b834c34) Importer(815301076,1909f56bfc062723c751e8b465ee728b)  -> (artifact id: '7418776407740abc3236dbdebf2be46a') in 0.012563 seconds
  Import took 0.017991 seconds .

========================================================================
Received Prepare
Registering precompiled user dll's ...
Registered in 0.001084 seconds.
Begin MonoManager ReloadAssembly
Native extension for WindowsStandalone target not found
Refreshing native plugins compatible for Editor in 0.53 ms, found 1 plugins.
Preloading 0 native plugins for Editor in 0.00 ms.
Invoked RoslynAnalysisRunner static constructor.
RoslynAnalysisRunner will not be running.
RoslynAnalysisRunner has terminated.
Mono: successfully reloaded assembly
- Completed reload, in  1.398 seconds
Platform modules already initialized, skipping
Refreshing native plugins compatible for Editor in 0.58 ms, found 1 plugins.
Preloading 0 native plugins for Editor in 0.00 ms.
Unloading 1945 Unused Serialized files (Serialized files now loaded: 0)
System memory in use before: 90.3 MB.
System memory in use after: 90.4 MB.

Unloading 8 unused Assets to reduce memory usage. Loaded Objects now: 2429.
Total: 2.625700 ms (FindLiveObjects: 0.225700 ms CreateObjectMapping: 0.096400 ms MarkObjects: 2.275500 ms  DeleteObjects: 0.026400 ms)

========================================================================
Received Import Request.
  Time since last request: 111.881964 seconds.
  path: Assets/Scripts/UI/HUD.cs
  artifactKey: Guid(6ce99838448dabb478355fba6bd548c7) Importer(815301076,1909f56bfc062723c751e8b465ee728b)
Start importing Assets/Scripts/UI/HUD.cs using Guid(6ce99838448dabb478355fba6bd548c7) Importer(815301076,1909f56bfc062723c751e8b465ee728b)  -> (artifact id: '38e123ebb6fd9f02dab8260fef68c57c') in 0.006836 seconds
  Import took 0.011244 seconds .

========================================================================
Received Prepare
Registering precompiled user dll's ...
Registered in 0.001237 seconds.
Begin MonoManager ReloadAssembly
Native extension for WindowsStandalone target not found
Refreshing native plugins compatible for Editor in 0.51 ms, found 1 plugins.
Preloading 0 native plugins for Editor in 0.00 ms.
Invoked RoslynAnalysisRunner static constructor.
RoslynAnalysisRunner will not be running.
RoslynAnalysisRunner has terminated.
Mono: successfully reloaded assembly
- Completed reload, in  1.495 seconds
Platform modules already initialized, skipping
Refreshing native plugins compatible for Editor in 0.65 ms, found 1 plugins.
Preloading 0 native plugins for Editor in 0.00 ms.
Unloading 1945 Unused Serialized files (Serialized files now loaded: 0)
System memory in use before: 90.3 MB.
System memory in use after: 90.4 MB.

Unloading 8 unused Assets to reduce memory usage. Loaded Objects now: 2432.
Total: 2.603500 ms (FindLiveObjects: 0.240900 ms CreateObjectMapping: 0.087800 ms MarkObjects: 2.250700 ms  DeleteObjects: 0.022600 ms)

========================================================================
Received Import Request.
  Time since last request: 191.849943 seconds.
  path: Assets/Scripts/UI/HUD.cs
  artifactKey: Guid(6ce99838448dabb478355fba6bd548c7) Importer(815301076,1909f56bfc062723c751e8b465ee728b)
Start importing Assets/Scripts/UI/HUD.cs using Guid(6ce99838448dabb478355fba6bd548c7) Importer(815301076,1909f56bfc062723c751e8b465ee728b)  -> (artifact id: 'bf415c834b9b0064790e30ceffd6c659') in 0.006333 seconds
  Import took 0.010473 seconds .

========================================================================
Received Prepare
Registering precompiled user dll's ...
Registered in 0.001267 seconds.
Begin MonoManager ReloadAssembly
Native extension for WindowsStandalone target not found
Refreshing native plugins compatible for Editor in 0.51 ms, found 1 plugins.
Preloading 0 native plugins for Editor in 0.00 ms.
Invoked RoslynAnalysisRunner static constructor.
RoslynAnalysisRunner will not be running.
RoslynAnalysisRunner has terminated.
Mono: successfully reloaded assembly
- Completed reload, in  1.442 seconds
Platform modules already initialized, skipping
Refreshing native plugins compatible for Editor in 1.20 ms, found 1 plugins.
Preloading 0 native plugins for Editor in 0.00 ms.
Unloading 1945 Unused Serialized files (Serialized files now loaded: 0)
System memory in use before: 90.3 MB.
System memory in use after: 90.4 MB.

Unloading 8 unused Assets to reduce memory usage. Loaded Objects now: 2435.
Total: 2.601800 ms (FindLiveObjects: 0.229000 ms CreateObjectMapping: 0.089200 ms MarkObjects: 2.259000 ms  DeleteObjects: 0.022600 ms)

========================================================================
Received Prepare
Registering precompiled user dll's ...
Registered in 0.001167 seconds.
Begin MonoManager ReloadAssembly
Native extension for WindowsStandalone target not found
Refreshing native plugins compatible for Editor in 0.51 ms, found 1 plugins.
Preloading 0 native plugins for Editor in 0.00 ms.
Invoked RoslynAnalysisRunner static constructor.
RoslynAnalysisRunner will not be running.
RoslynAnalysisRunner has terminated.
Mono: successfully reloaded assembly
- Completed reload, in  1.402 seconds
Platform modules already initialized, skipping
Refreshing native plugins compatible for Editor in 0.52 ms, found 1 plugins.
Preloading 0 native plugins for Editor in 0.00 ms.
Unloading 1945 Unused Serialized files (Serialized files now loaded: 0)
System memory in use before: 90.3 MB.
System memory in use after: 90.4 MB.

Unloading 8 unused Assets to reduce memory usage. Loaded Objects now: 2438.
Total: 2.776000 ms (FindLiveObjects: 0.245000 ms CreateObjectMapping: 0.088500 ms MarkObjects: 2.420200 ms  DeleteObjects: 0.020600 ms)

========================================================================
Received Prepare
Registering precompiled user dll's ...
Registered in 0.001196 seconds.
Begin MonoManager ReloadAssembly
Native extension for WindowsStandalone target not found
Refreshing native plugins compatible for Editor in 0.50 ms, found 1 plugins.
Preloading 0 native plugins for Editor in 0.00 ms.
Invoked RoslynAnalysisRunner static constructor.
RoslynAnalysisRunner will not be running.
RoslynAnalysisRunner has terminated.
Mono: successfully reloaded assembly
- Completed reload, in  1.362 seconds
Platform modules already initialized, skipping
Refreshing native plugins compatible for Editor in 0.50 ms, found 1 plugins.
Preloading 0 native plugins for Editor in 0.00 ms.
Unloading 1945 Unused Serialized files (Serialized files now loaded: 0)
System memory in use before: 90.3 MB.
System memory in use after: 90.4 MB.

Unloading 8 unused Assets to reduce memory usage. Loaded Objects now: 2441.
Total: 3.116600 ms (FindLiveObjects: 0.273700 ms CreateObjectMapping: 0.089600 ms MarkObjects: 2.728500 ms  DeleteObjects: 0.022900 ms)

========================================================================
Received Prepare
Registering precompiled user dll's ...
Registered in 0.001242 seconds.
Begin MonoManager ReloadAssembly
Native extension for WindowsStandalone target not found
Refreshing native plugins compatible for Editor in 0.51 ms, found 1 plugins.
Preloading 0 native plugins for Editor in 0.00 ms.
Invoked RoslynAnalysisRunner static constructor.
RoslynAnalysisRunner will not be running.
RoslynAnalysisRunner has terminated.
Mono: successfully reloaded assembly
- Completed reload, in  1.403 seconds
Platform modules already initialized, skipping
Refreshing native plugins compatible for Editor in 0.63 ms, found 1 plugins.
Preloading 0 native plugins for Editor in 0.00 ms.
Unloading 1945 Unused Serialized files (Serialized files now loaded: 0)
System memory in use before: 90.3 MB.
System memory in use after: 90.4 MB.

Unloading 8 unused Assets to reduce memory usage. Loaded Objects now: 2444.
Total: 4.841600 ms (FindLiveObjects: 1.450800 ms CreateObjectMapping: 0.797800 ms MarkObjects: 2.566900 ms  DeleteObjects: 0.023900 ms)

========================================================================
Received Prepare
Registering precompiled user dll's ...
Registered in 0.001196 seconds.
Begin MonoManager ReloadAssembly
Native extension for WindowsStandalone target not found
Refreshing native plugins compatible for Editor in 0.50 ms, found 1 plugins.
Preloading 0 native plugins for Editor in 0.00 ms.
Invoked RoslynAnalysisRunner static constructor.
RoslynAnalysisRunner will not be running.
RoslynAnalysisRunner has terminated.
Mono: successfully reloaded assembly
- Completed reload, in  1.363 seconds
Platform modules already initialized, skipping
Refreshing native plugins compatible for Editor in 0.50 ms, found 1 plugins.
Preloading 0 native plugins for Editor in 0.00 ms.
Unloading 1945 Unused Serialized files (Serialized files now loaded: 0)
System memory in use before: 90.3 MB.
System memory in use after: 90.4 MB.

Unloading 8 unused Assets to reduce memory usage. Loaded Objects now: 2447.
Total: 2.983800 ms (FindLiveObjects: 0.223100 ms CreateObjectMapping: 0.091100 ms MarkObjects: 2.636100 ms  DeleteObjects: 0.031400 ms)

========================================================================
Received Import Request.
  Time since last request: 364.218035 seconds.
  path: Assets/Scripts/ScriptableObjects
  artifactKey: Guid(1173a06a17165634dac0497ad59ce17f) Importer(815301076,1909f56bfc062723c751e8b465ee728b)
Start importing Assets/Scripts/ScriptableObjects using Guid(1173a06a17165634dac0497ad59ce17f) Importer(815301076,1909f56bfc062723c751e8b465ee728b)  -> (artifact id: 'a0fd4359d8bf283c765e7a27118865fc') in 0.014529 seconds
  Import took 0.019079 seconds .

========================================================================
Received Import Request.
  Time since last request: 0.000307 seconds.
  path: Assets/Scripts/ScriptableObjects/Information.asset
  artifactKey: Guid(07c9f18fc5465824aaea9a28d2192203) Importer(815301076,1909f56bfc062723c751e8b465ee728b)
Start importing Assets/Scripts/ScriptableObjects/Information.asset using Guid(07c9f18fc5465824aaea9a28d2192203) Importer(815301076,1909f56bfc062723c751e8b465ee728b)  -> (artifact id: '8b5b2f4af7d5ad41e4bdf318aea9d7b4') in 0.075966 seconds
  Import took 0.079660 seconds .

========================================================================
Received Import Request.
  Time since last request: 20.012953 seconds.
  path: Assets/Scripts/Enemy/EnemySpawner.cs
  artifactKey: Guid(2cfeb91cd19859d459d209cf5f730f96) Importer(815301076,1909f56bfc062723c751e8b465ee728b)
Start importing Assets/Scripts/Enemy/EnemySpawner.cs using Guid(2cfeb91cd19859d459d209cf5f730f96) Importer(815301076,1909f56bfc062723c751e8b465ee728b)  -> (artifact id: 'fe4f51d533281ab7d71fe7dfa52a7ad4') in 0.009131 seconds
  Import took 0.014564 seconds .

========================================================================
Received Import Request.
  Time since last request: 0.038949 seconds.
  path: Assets/Scripts/Enemy/EnemySpawner.cs
  artifactKey: Guid(2cfeb91cd19859d459d209cf5f730f96) Importer(815301076,1909f56bfc062723c751e8b465ee728b)
Start importing Assets/Scripts/Enemy/EnemySpawner.cs using Guid(2cfeb91cd19859d459d209cf5f730f96) Importer(815301076,1909f56bfc062723c751e8b465ee728b)  -> (artifact id: 'fe4f51d533281ab7d71fe7dfa52a7ad4') in 0.009113 seconds
  Import took 0.013189 seconds .

========================================================================
Received Prepare
Registering precompiled user dll's ...
Registered in 0.001170 seconds.
Begin MonoManager ReloadAssembly
Native extension for WindowsStandalone target not found
Refreshing native plugins compatible for Editor in 0.50 ms, found 1 plugins.
Preloading 0 native plugins for Editor in 0.00 ms.
Invoked RoslynAnalysisRunner static constructor.
RoslynAnalysisRunner will not be running.
RoslynAnalysisRunner has terminated.
Mono: successfully reloaded assembly
- Completed reload, in  1.390 seconds
Platform modules already initialized, skipping
Refreshing native plugins compatible for Editor in 0.51 ms, found 1 plugins.
Preloading 0 native plugins for Editor in 0.00 ms.
Unloading 1945 Unused Serialized files (Serialized files now loaded: 0)
System memory in use before: 90.3 MB.
System memory in use after: 90.5 MB.

Unloading 8 unused Assets to reduce memory usage. Loaded Objects now: 2450.
Total: 2.626400 ms (FindLiveObjects: 0.208900 ms CreateObjectMapping: 0.090800 ms MarkObjects: 2.304500 ms  DeleteObjects: 0.020800 ms)

========================================================================
Received Import Request.
  Time since last request: 192.172895 seconds.
  path: Assets/Scripts/Enemy/EnemySpawner.cs
  artifactKey: Guid(2cfeb91cd19859d459d209cf5f730f96) Importer(815301076,1909f56bfc062723c751e8b465ee728b)
Start importing Assets/Scripts/Enemy/EnemySpawner.cs using Guid(2cfeb91cd19859d459d209cf5f730f96) Importer(815301076,1909f56bfc062723c751e8b465ee728b)  -> (artifact id: '811f168eaaa338007f5a3fa02f6bf4a9') in 0.006100 seconds
  Import took 0.010237 seconds .

========================================================================
Received Prepare
Registering precompiled user dll's ...
Registered in 0.001135 seconds.
Begin MonoManager ReloadAssembly
Native extension for WindowsStandalone target not found
Refreshing native plugins compatible for Editor in 0.55 ms, found 1 plugins.
Preloading 0 native plugins for Editor in 0.00 ms.
Invoked RoslynAnalysisRunner static constructor.
RoslynAnalysisRunner will not be running.
RoslynAnalysisRunner has terminated.
Mono: successfully reloaded assembly
- Completed reload, in  1.388 seconds
Platform modules already initialized, skipping
Refreshing native plugins compatible for Editor in 0.50 ms, found 1 plugins.
Preloading 0 native plugins for Editor in 0.00 ms.
Unloading 1945 Unused Serialized files (Serialized files now loaded: 0)
System memory in use before: 90.4 MB.
System memory in use after: 90.5 MB.

Unloading 8 unused Assets to reduce memory usage. Loaded Objects now: 2453.
Total: 2.458200 ms (FindLiveObjects: 0.227400 ms CreateObjectMapping: 0.086600 ms MarkObjects: 2.120600 ms  DeleteObjects: 0.021700 ms)

========================================================================
Received Import Request.
  Time since last request: 80.159254 seconds.
  path: Assets/Scenes/GameScene.unity
  artifactKey: Guid(2cda990e2423bbf4892e6590ba056729) Importer(815301076,1909f56bfc062723c751e8b465ee728b)
Start importing Assets/Scenes/GameScene.unity using Guid(2cda990e2423bbf4892e6590ba056729) Importer(815301076,1909f56bfc062723c751e8b465ee728b)  -> (artifact id: 'e5e719043b221570de0355c9a48fb945') in 0.026149 seconds
  Import took 0.030391 seconds .

========================================================================
Received Prepare
Registering precompiled user dll's ...
Registered in 0.001209 seconds.
Begin MonoManager ReloadAssembly
Native extension for WindowsStandalone target not found
Refreshing native plugins compatible for Editor in 0.65 ms, found 1 plugins.
Preloading 0 native plugins for Editor in 0.00 ms.
Invoked RoslynAnalysisRunner static constructor.
RoslynAnalysisRunner will not be running.
RoslynAnalysisRunner has terminated.
Mono: successfully reloaded assembly
- Completed reload, in  1.360 seconds
Platform modules already initialized, skipping
Refreshing native plugins compatible for Editor in 0.50 ms, found 1 plugins.
Preloading 0 native plugins for Editor in 0.00 ms.
Unloading 1945 Unused Serialized files (Serialized files now loaded: 0)
System memory in use before: 90.4 MB.
System memory in use after: 90.5 MB.

Unloading 8 unused Assets to reduce memory usage. Loaded Objects now: 2456.
Total: 2.755000 ms (FindLiveObjects: 0.222900 ms CreateObjectMapping: 0.088400 ms MarkObjects: 2.416300 ms  DeleteObjects: 0.025600 ms)

